{"contracts/Raffle.sol":{"l":{"57":3,"58":3,"59":3,"60":3,"61":3,"62":3,"63":3,"64":3,"70":15,"71":1,"73":14,"74":1,"76":13,"79":13,"102":10,"103":10,"104":10,"105":10,"106":10,"107":10,"117":6,"119":6,"120":1,"126":5,"127":5,"135":5,"152":1,"153":1,"154":1,"155":1,"156":1,"157":1,"158":1,"160":1,"161":0,"163":1,"169":4,"173":0,"177":0,"181":1,"185":2,"189":2,"193":14,"197":14,"201":0},"path":"/home/dev/Desktop/projects/Web3JS/smartcontract-lottery/contracts/Raffle.sol","s":{"1":15,"2":14,"3":13,"4":13,"5":10,"6":10,"7":10,"8":10,"9":10,"10":6,"11":6,"12":5,"13":5,"14":1,"15":1,"16":1,"17":1,"18":1,"19":4,"20":0,"21":0,"22":1,"23":2,"24":2,"25":14,"26":14,"27":0},"b":{"1":[1,14],"2":[1,13],"3":[1,5],"4":[0,1]},"f":{"1":3,"2":15,"3":10,"4":6,"5":1,"6":4,"7":0,"8":0,"9":1,"10":2,"11":2,"12":14,"13":14,"14":0},"fnMap":{"1":{"name":"constructor","line":56,"loc":{"start":{"line":49,"column":4},"end":{"line":65,"column":4}}},"2":{"name":"enterRaffle","line":67,"loc":{"start":{"line":67,"column":4},"end":{"line":80,"column":4}}},"3":{"name":"checkUpkeep","line":91,"loc":{"start":{"line":91,"column":4},"end":{"line":108,"column":4}}},"4":{"name":"performUpkeep","line":114,"loc":{"start":{"line":114,"column":4},"end":{"line":136,"column":4}}},"5":{"name":"fulfillRandomWords","line":142,"loc":{"start":{"line":142,"column":4},"end":{"line":164,"column":4}}},"6":{"name":"getRaffleState","line":168,"loc":{"start":{"line":168,"column":4},"end":{"line":170,"column":4}}},"7":{"name":"getNumWords","line":172,"loc":{"start":{"line":172,"column":4},"end":{"line":174,"column":4}}},"8":{"name":"getRequestConfirmations","line":176,"loc":{"start":{"line":176,"column":4},"end":{"line":178,"column":4}}},"9":{"name":"getRecentWinner","line":180,"loc":{"start":{"line":180,"column":4},"end":{"line":182,"column":4}}},"10":{"name":"getPlayer","line":184,"loc":{"start":{"line":184,"column":4},"end":{"line":186,"column":4}}},"11":{"name":"getLastTimeStamp","line":188,"loc":{"start":{"line":188,"column":4},"end":{"line":190,"column":4}}},"12":{"name":"getInterval","line":192,"loc":{"start":{"line":192,"column":4},"end":{"line":194,"column":4}}},"13":{"name":"getEntranceFee","line":196,"loc":{"start":{"line":196,"column":4},"end":{"line":198,"column":4}}},"14":{"name":"getNumberOfPlayers","line":200,"loc":{"start":{"line":200,"column":4},"end":{"line":202,"column":4}}}},"statementMap":{"1":{"start":{"line":70,"column":8},"end":{"line":70,"column":2482}},"2":{"start":{"line":73,"column":8},"end":{"line":73,"column":2585}},"3":{"start":{"line":76,"column":8},"end":{"line":76,"column":42}},"4":{"start":{"line":79,"column":8},"end":{"line":79,"column":36}},"5":{"start":{"line":102,"column":8},"end":{"line":102,"column":55}},"6":{"start":{"line":103,"column":8},"end":{"line":103,"column":76}},"7":{"start":{"line":104,"column":8},"end":{"line":104,"column":46}},"8":{"start":{"line":105,"column":8},"end":{"line":105,"column":51}},"9":{"start":{"line":107,"column":8},"end":{"line":107,"column":36}},"10":{"start":{"line":117,"column":8},"end":{"line":117,"column":47}},"11":{"start":{"line":119,"column":8},"end":{"line":119,"column":4249}},"12":{"start":{"line":127,"column":8},"end":{"line":127,"column":4509}},"13":{"start":{"line":135,"column":8},"end":{"line":135,"column":45}},"14":{"start":{"line":152,"column":8},"end":{"line":152,"column":65}},"15":{"start":{"line":153,"column":8},"end":{"line":153,"column":63}},"16":{"start":{"line":158,"column":8},"end":{"line":158,"column":78}},"17":{"start":{"line":160,"column":8},"end":{"line":160,"column":5683}},"18":{"start":{"line":163,"column":8},"end":{"line":163,"column":39}},"19":{"start":{"line":169,"column":8},"end":{"line":169,"column":28}},"20":{"start":{"line":173,"column":8},"end":{"line":173,"column":24}},"21":{"start":{"line":177,"column":8},"end":{"line":177,"column":36}},"22":{"start":{"line":181,"column":8},"end":{"line":181,"column":29}},"23":{"start":{"line":185,"column":8},"end":{"line":185,"column":31}},"24":{"start":{"line":189,"column":8},"end":{"line":189,"column":30}},"25":{"start":{"line":193,"column":8},"end":{"line":193,"column":25}},"26":{"start":{"line":197,"column":8},"end":{"line":197,"column":28}},"27":{"start":{"line":201,"column":8},"end":{"line":201,"column":31}}},"branchMap":{"1":{"line":70,"type":"if","locations":[{"start":{"line":70,"column":8},"end":{"line":70,"column":8}},{"start":{"line":70,"column":8},"end":{"line":70,"column":8}}]},"2":{"line":73,"type":"if","locations":[{"start":{"line":73,"column":8},"end":{"line":73,"column":8}},{"start":{"line":73,"column":8},"end":{"line":73,"column":8}}]},"3":{"line":119,"type":"if","locations":[{"start":{"line":119,"column":8},"end":{"line":119,"column":8}},{"start":{"line":119,"column":8},"end":{"line":119,"column":8}}]},"4":{"line":160,"type":"if","locations":[{"start":{"line":160,"column":8},"end":{"line":160,"column":8}},{"start":{"line":160,"column":8},"end":{"line":160,"column":8}}]}}},"contracts/VRFCoordinatorV2Mock.sol":{"l":{},"path":"/home/dev/Desktop/projects/Web3JS/smartcontract-lottery/contracts/VRFCoordinatorV2Mock.sol","s":{},"b":{},"f":{},"fnMap":{},"statementMap":{},"branchMap":{}}}