TN:
SF:/home/dev/Desktop/projects/Web3JS/smartcontract-lottery/contracts/Raffle.sol
FN:56,constructor
FN:67,enterRaffle
FN:91,checkUpkeep
FN:114,performUpkeep
FN:142,fulfillRandomWords
FN:168,getRaffleState
FN:172,getNumWords
FN:176,getRequestConfirmations
FN:180,getRecentWinner
FN:184,getPlayer
FN:188,getLastTimeStamp
FN:192,getInterval
FN:196,getEntranceFee
FN:200,getNumberOfPlayers
FNF:14
FNH:11
FNDA:3,constructor
FNDA:15,enterRaffle
FNDA:10,checkUpkeep
FNDA:6,performUpkeep
FNDA:1,fulfillRandomWords
FNDA:4,getRaffleState
FNDA:0,getNumWords
FNDA:0,getRequestConfirmations
FNDA:1,getRecentWinner
FNDA:2,getPlayer
FNDA:2,getLastTimeStamp
FNDA:14,getInterval
FNDA:14,getEntranceFee
FNDA:0,getNumberOfPlayers
DA:57,3
DA:58,3
DA:59,3
DA:60,3
DA:61,3
DA:62,3
DA:63,3
DA:64,3
DA:70,15
DA:71,1
DA:73,14
DA:74,1
DA:76,13
DA:79,13
DA:102,10
DA:103,10
DA:104,10
DA:105,10
DA:106,10
DA:107,10
DA:117,6
DA:119,6
DA:120,1
DA:126,5
DA:127,5
DA:135,5
DA:152,1
DA:153,1
DA:154,1
DA:155,1
DA:156,1
DA:157,1
DA:158,1
DA:160,1
DA:161,0
DA:163,1
DA:169,4
DA:173,0
DA:177,0
DA:181,1
DA:185,2
DA:189,2
DA:193,14
DA:197,14
DA:201,0
LF:45
LH:41
BRDA:70,1,0,1
BRDA:70,1,1,14
BRDA:73,2,0,1
BRDA:73,2,1,13
BRDA:119,3,0,1
BRDA:119,3,1,5
BRDA:160,4,0,0
BRDA:160,4,1,1
BRF:8
BRH:7
end_of_record
TN:
SF:/home/dev/Desktop/projects/Web3JS/smartcontract-lottery/contracts/VRFCoordinatorV2Mock.sol
FNF:0
FNH:0
LF:0
LH:0
BRF:0
BRH:0
end_of_record
